<?xml version="1.0" encoding="UTF-8"?>
<!-- Generated by org.testng.reporters.JUnitReportReporter -->
<testsuite skipped="0" hostname="Pandi" name="BankingTestCase.LoginPageTestCase" tests="1" failures="0" timestamp="16 Jan 2020 16:21:47 GMT" time="9.342" errors="0">
  <testcase name="loginTest" time="9.342" classname="BankingTestCase.LoginPageTestCase"/>
</testsuite> <!-- BankingTestCase.LoginPageTestCase -->
