<?xml version="1.0" encoding="UTF-8"?>
<!-- Generated by org.testng.reporters.JUnitReportReporter -->
<testsuite skipped="0" hostname="Pandi" name="BankingTestCase.LoginPageTestCase" tests="1" failures="0" timestamp="10 Feb 2020 00:41:34 GMT" time="23.030" errors="0">
  <testcase name="loginTest" time="23.030" classname="BankingTestCase.LoginPageTestCase"/>
</testsuite> <!-- BankingTestCase.LoginPageTestCase -->
