<?xml version="1.0" encoding="UTF-8"?>
<!-- Generated by org.testng.reporters.JUnitReportReporter -->
<testsuite skipped="0" hostname="Pandi" name="BankingTestCase.LoginPageTestCase" tests="1" failures="0" timestamp="16 Feb 2020 00:03:11 GMT" time="24.225" errors="0">
  <testcase name="loginTest" time="24.225" classname="BankingTestCase.LoginPageTestCase"/>
</testsuite> <!-- BankingTestCase.LoginPageTestCase -->
